{"numTotalTestSuites":27,"numPassedTestSuites":19,"numFailedTestSuites":8,"numPendingTestSuites":0,"numTotalTests":80,"numPassedTests":63,"numFailedTests":17,"numPendingTests":0,"numTodoTests":0,"snapshot":{"added":0,"failure":false,"filesAdded":0,"filesRemoved":0,"filesRemovedList":[],"filesUnmatched":0,"filesUpdated":0,"matched":0,"total":0,"unchecked":0,"uncheckedKeysByFile":[],"unmatched":0,"updated":0,"didUpdate":false},"startTime":1785277852868,"success":false,"testResults":[{"assertionResults":[{"ancestorTitles":["Execution Pipeline - R5 Minimal Test","R5: stop() should set running flag to false"],"fullName":"Execution Pipeline - R5 Minimal Test R5: stop() should set running flag to false should set running to false when stop() is called","status":"passed","title":"should set running to false when stop() is called","duration":4.761799999999994,"failureMessages":[],"meta":{},"tags":[]},{"ancestorTitles":["Execution Pipeline - R5 Minimal Test","R5: stop() should prevent runCycles() from executing cycles"],"fullName":"Execution Pipeline - R5 Minimal Test R5: stop() should prevent runCycles() from executing cycles should prevent runCycles() from executing cycles when running is false","status":"passed","title":"should prevent runCycles() from executing cycles when running is false","duration":0.5933999999999742,"failureMessages":[],"meta":{},"tags":[]}],"startTime":1785277854258,"endTime":1785277854263.5935,"status":"passed","message":"","name":"C:/Trajectoire/tests/vm/advanced/execution-pipeline-r5-minimal.test.ts"},{"assertionResults":[{"ancestorTitles":["Execution Pipeline - Priority 5","Fetch"],"fullName":"Execution Pipeline - Priority 5 Fetch should fetch instruction at program counter","status":"passed","title":"should fetch instruction at program counter","duration":4.755800000000022,"failureMessages":[],"meta":{},"tags":[]},{"ancestorTitles":["Execution Pipeline - Priority 5","Fetch"],"fullName":"Execution Pipeline - Priority 5 Fetch should increment program counter after fetch","status":"passed","title":"should increment program counter after fetch","duration":0.5380000000000109,"failureMessages":[],"meta":{},"tags":[]},{"ancestorTitles":["Execution Pipeline - Priority 5","Fetch"],"fullName":"Execution Pipeline - Priority 5 Fetch should handle fetch from different positions","status":"passed","title":"should handle fetch from different positions","duration":0.35159999999996217,"failureMessages":[],"meta":{},"tags":[]},{"ancestorTitles":["Execution Pipeline - Priority 5","Fetch"],"fullName":"Execution Pipeline - Priority 5 Fetch should fetch multiple instructions sequentially","status":"passed","title":"should fetch multiple instructions sequentially","duration":0.44020000000000437,"failureMessages":[],"meta":{},"tags":[]},{"ancestorTitles":["Execution Pipeline - Priority 5","Decode"],"fullName":"Execution Pipeline - Priority 5 Decode should decode fetched instruction","status":"passed","title":"should decode fetched instruction","duration":0.5291999999999462,"failureMessages":[],"meta":{},"tags":[]},{"ancestorTitles":["Execution Pipeline - Priority 5","Decode"],"fullName":"Execution Pipeline - Priority 5 Decode should handle decode errors gracefully","status":"failed","title":"should handle decode errors gracefully","duration":15.618299999999977,"failureMessages":["AssertionError: expected 'fetchResult is not defined' to contain 'Unknown opcode'\n    at C:/Trajectoire/tests/vm/advanced/execution-pipeline.test.ts:89:38\n    at file:///C:/Trajectoire/node_modules/.pnpm/@vitest+runner@4.1.8/node_modules/@vitest/runner/dist/chunk-artifact.js:302:11\n    at file:///C:/Trajectoire/node_modules/.pnpm/@vitest+runner@4.1.8/node_modules/@vitest/runner/dist/chunk-artifact.js:1903:26\n    at file:///C:/Trajectoire/node_modules/.pnpm/@vitest+runner@4.1.8/node_modules/@vitest/runner/dist/chunk-artifact.js:2326:20\n    at new Promise (<anonymous>)\n    at runWithCancel (file:///C:/Trajectoire/node_modules/.pnpm/@vitest+runner@4.1.8/node_modules/@vitest/runner/dist/chunk-artifact.js:2323:10)\n    at file:///C:/Trajectoire/node_modules/.pnpm/@vitest+runner@4.1.8/node_modules/@vitest/runner/dist/chunk-artifact.js:2305:20\n    at new Promise (<anonymous>)\n    at runWithTimeout (file:///C:/Trajectoire/node_modules/.pnpm/@vitest+runner@4.1.8/node_modules/@vitest/runner/dist/chunk-artifact.js:2272:10)\n    at file:///C:/Trajectoire/node_modules/.pnpm/@vitest+runner@4.1.8/node_modules/@vitest/runner/dist/chunk-artifact.js:2955:64"],"meta":{},"tags":[]},{"ancestorTitles":["Execution Pipeline - Priority 5","Decode"],"fullName":"Execution Pipeline - Priority 5 Decode should decode instruction metadata","status":"passed","title":"should decode instruction metadata","duration":0.4438999999999851,"failureMessages":[],"meta":{},"tags":[]},{"ancestorTitles":["Execution Pipeline - Priority 5","Execute"],"fullName":"Execution Pipeline - Priority 5 Execute should execute decoded instruction","status":"passed","title":"should execute decoded instruction","duration":0.3122000000000753,"failureMessages":[],"meta":{},"tags":[]},{"ancestorTitles":["Execution Pipeline - Priority 5","Execute"],"fullName":"Execution Pipeline - Priority 5 Execute should update context on execution","status":"passed","title":"should update context on execution","duration":0.3585000000000491,"failureMessages":[],"meta":{},"tags":[]},{"ancestorTitles":["Execution Pipeline - Priority 5","Execute"],"fullName":"Execution Pipeline - Priority 5 Execute should handle execution errors","status":"failed","title":"should handle execution errors","duration":2.14530000000002,"failureMessages":["AssertionError: expected 'fetchResult is not defined' to contain 'Unknown opcode'\n    at C:/Trajectoire/tests/vm/advanced/execution-pipeline.test.ts:134:38\n    at file:///C:/Trajectoire/node_modules/.pnpm/@vitest+runner@4.1.8/node_modules/@vitest/runner/dist/chunk-artifact.js:302:11\n    at file:///C:/Trajectoire/node_modules/.pnpm/@vitest+runner@4.1.8/node_modules/@vitest/runner/dist/chunk-artifact.js:1903:26\n    at file:///C:/Trajectoire/node_modules/.pnpm/@vitest+runner@4.1.8/node_modules/@vitest/runner/dist/chunk-artifact.js:2326:20\n    at new Promise (<anonymous>)\n    at runWithCancel (file:///C:/Trajectoire/node_modules/.pnpm/@vitest+runner@4.1.8/node_modules/@vitest/runner/dist/chunk-artifact.js:2323:10)\n    at file:///C:/Trajectoire/node_modules/.pnpm/@vitest+runner@4.1.8/node_modules/@vitest/runner/dist/chunk-artifact.js:2305:20\n    at new Promise (<anonymous>)\n    at runWithTimeout (file:///C:/Trajectoire/node_modules/.pnpm/@vitest+runner@4.1.8/node_modules/@vitest/runner/dist/chunk-artifact.js:2272:10)\n    at file:///C:/Trajectoire/node_modules/.pnpm/@vitest+runner@4.1.8/node_modules/@vitest/runner/dist/chunk-artifact.js:2955:64"],"meta":{},"tags":[]},{"ancestorTitles":["Execution Pipeline - Priority 5","Execute"],"fullName":"Execution Pipeline - Priority 5 Execute should track execution statistics","status":"passed","title":"should track execution statistics","duration":0.2907000000000153,"failureMessages":[],"meta":{},"tags":[]},{"ancestorTitles":["Execution Pipeline - Priority 5","Commit"],"fullName":"Execution Pipeline - Priority 5 Commit should commit execution results","status":"passed","title":"should commit execution results","duration":0.1752999999999929,"failureMessages":[],"meta":{},"tags":[]},{"ancestorTitles":["Execution Pipeline - Priority 5","Commit"],"fullName":"Execution Pipeline - Priority 5 Commit should update statistics after commit","status":"passed","title":"should update statistics after commit","duration":0.12829999999996744,"failureMessages":[],"meta":{},"tags":[]},{"ancestorTitles":["Execution Pipeline - Priority 5","Commit"],"fullName":"Execution Pipeline - Priority 5 Commit should handle branch commit","status":"passed","title":"should handle branch commit","duration":0.16470000000003893,"failureMessages":[],"meta":{},"tags":[]},{"ancestorTitles":["Execution Pipeline - Priority 5","Flush"],"fullName":"Execution Pipeline - Priority 5 Flush should clear fetch cache on reset","status":"passed","title":"should clear fetch cache on reset","duration":0.4253999999999678,"failureMessages":[],"meta":{},"tags":[]},{"ancestorTitles":["Execution Pipeline - Priority 5","Flush"],"fullName":"Execution Pipeline - Priority 5 Flush should reset statistics on flush","status":"passed","title":"should reset statistics on flush","duration":0.23889999999994416,"failureMessages":[],"meta":{},"tags":[]},{"ancestorTitles":["Execution Pipeline - Priority 5","Flush"],"fullName":"Execution Pipeline - Priority 5 Flush should reset context on flush","status":"passed","title":"should reset context on flush","duration":0.15359999999998308,"failureMessages":[],"meta":{},"tags":[]},{"ancestorTitles":["Execution Pipeline - Priority 5","Hazards"],"fullName":"Execution Pipeline - Priority 5 Hazards should handle data hazards","status":"passed","title":"should handle data hazards","duration":0.26279999999997017,"failureMessages":[],"meta":{},"tags":[]},{"ancestorTitles":["Execution Pipeline - Priority 5","Hazards"],"fullName":"Execution Pipeline - Priority 5 Hazards should handle control hazards","status":"passed","title":"should handle control hazards","duration":1.9805999999999813,"failureMessages":[],"meta":{},"tags":[]},{"ancestorTitles":["Execution Pipeline - Priority 5","Hazards"],"fullName":"Execution Pipeline - Priority 5 Hazards should handle structural hazards","status":"passed","title":"should handle structural hazards","duration":0.7019999999999982,"failureMessages":[],"meta":{},"tags":[]},{"ancestorTitles":["Execution Pipeline - Priority 5","Dependency"],"fullName":"Execution Pipeline - Priority 5 Dependency should handle instruction dependencies","status":"passed","title":"should handle instruction dependencies","duration":0.3385000000000673,"failureMessages":[],"meta":{},"tags":[]},{"ancestorTitles":["Execution Pipeline - Priority 5","Dependency"],"fullName":"Execution Pipeline - Priority 5 Dependency should maintain execution order","status":"passed","title":"should maintain execution order","duration":0.2702999999999065,"failureMessages":[],"meta":{},"tags":[]},{"ancestorTitles":["Execution Pipeline - Priority 5","Stall"],"fullName":"Execution Pipeline - Priority 5 Stall should handle pipeline stall on halt","status":"passed","title":"should handle pipeline stall on halt","duration":0.2665999999999258,"failureMessages":[],"meta":{},"tags":[]},{"ancestorTitles":["Execution Pipeline - Priority 5","Stall"],"fullName":"Execution Pipeline - Priority 5 Stall should not execute when halted","status":"passed","title":"should not execute when halted","duration":0.20299999999997453,"failureMessages":[],"meta":{},"tags":[]},{"ancestorTitles":["Execution Pipeline - Priority 5","Stall"],"fullName":"Execution Pipeline - Priority 5 Stall should resume after reset","status":"passed","title":"should resume after reset","duration":0.17849999999998545,"failureMessages":[],"meta":{},"tags":[]},{"ancestorTitles":["Execution Pipeline - Priority 5","Branch Prediction"],"fullName":"Execution Pipeline - Priority 5 Branch Prediction should track branch taken statistics","status":"passed","title":"should track branch taken statistics","duration":0.3713000000000193,"failureMessages":[],"meta":{},"tags":[]},{"ancestorTitles":["Execution Pipeline - Priority 5","Branch Prediction"],"fullName":"Execution Pipeline - Priority 5 Branch Prediction should track branches not taken","status":"passed","title":"should track branches not taken","duration":0.42400000000009186,"failureMessages":[],"meta":{},"tags":[]},{"ancestorTitles":["Execution Pipeline - Priority 5","Branch Prediction"],"fullName":"Execution Pipeline - Priority 5 Branch Prediction should track total branches","status":"passed","title":"should track total branches","duration":0.2717000000000098,"failureMessages":[],"meta":{},"tags":[]},{"ancestorTitles":["Execution Pipeline - Priority 5","Reset"],"fullName":"Execution Pipeline - Priority 5 Reset should reset pipeline state","status":"passed","title":"should reset pipeline state","duration":0.4732999999999947,"failureMessages":[],"meta":{},"tags":[]},{"ancestorTitles":["Execution Pipeline - Priority 5","Reset"],"fullName":"Execution Pipeline - Priority 5 Reset should reset context","status":"passed","title":"should reset context","duration":0.33199999999999363,"failureMessages":[],"meta":{},"tags":[]},{"ancestorTitles":["Execution Pipeline - Priority 5","Reset"],"fullName":"Execution Pipeline - Priority 5 Reset should clear fetch cache","status":"passed","title":"should clear fetch cache","duration":0.2857000000000198,"failureMessages":[],"meta":{},"tags":[]},{"ancestorTitles":["Execution Pipeline - Priority 5","Reset"],"fullName":"Execution Pipeline - Priority 5 Reset should stop running on reset","status":"passed","title":"should stop running on reset","duration":0.3020999999999958,"failureMessages":[],"meta":{},"tags":[]},{"ancestorTitles":["Execution Pipeline - Priority 5","Recovery"],"fullName":"Execution Pipeline - Priority 5 Recovery should recover from errors","status":"failed","title":"should recover from errors","duration":1.6607000000000198,"failureMessages":["ReferenceError: fetchResult is not defined\n    at ExecutionPipeline.cycle (C:/Trajectoire/compiler/cvm/execution-pipeline.ts:65:42)\n    at C:/Trajectoire/tests/vm/advanced/execution-pipeline.test.ts:465:38\n    at file:///C:/Trajectoire/node_modules/.pnpm/@vitest+runner@4.1.8/node_modules/@vitest/runner/dist/chunk-artifact.js:302:11\n    at file:///C:/Trajectoire/node_modules/.pnpm/@vitest+runner@4.1.8/node_modules/@vitest/runner/dist/chunk-artifact.js:1903:26\n    at file:///C:/Trajectoire/node_modules/.pnpm/@vitest+runner@4.1.8/node_modules/@vitest/runner/dist/chunk-artifact.js:2326:20\n    at new Promise (<anonymous>)\n    at runWithCancel (file:///C:/Trajectoire/node_modules/.pnpm/@vitest+runner@4.1.8/node_modules/@vitest/runner/dist/chunk-artifact.js:2323:10)\n    at file:///C:/Trajectoire/node_modules/.pnpm/@vitest+runner@4.1.8/node_modules/@vitest/runner/dist/chunk-artifact.js:2305:20\n    at new Promise (<anonymous>)\n    at runWithTimeout (file:///C:/Trajectoire/node_modules/.pnpm/@vitest+runner@4.1.8/node_modules/@vitest/runner/dist/chunk-artifact.js:2272:10)"],"meta":{},"tags":[]},{"ancestorTitles":["Execution Pipeline - Priority 5","Recovery"],"fullName":"Execution Pipeline - Priority 5 Recovery should track error statistics","status":"passed","title":"should track error statistics","duration":0.36810000000002674,"failureMessages":[],"meta":{},"tags":[]},{"ancestorTitles":["Execution Pipeline - Priority 5","Recovery"],"fullName":"Execution Pipeline - Priority 5 Recovery should set error context on failure","status":"passed","title":"should set error context on failure","duration":0.30309999999997217,"failureMessages":[],"meta":{},"tags":[]},{"ancestorTitles":["Execution Pipeline - Priority 5","Statistics"],"fullName":"Execution Pipeline - Priority 5 Statistics should track instructions executed","status":"passed","title":"should track instructions executed","duration":0.2439000000000533,"failureMessages":[],"meta":{},"tags":[]},{"ancestorTitles":["Execution Pipeline - Priority 5","Statistics"],"fullName":"Execution Pipeline - Priority 5 Statistics should track cycles","status":"passed","title":"should track cycles","duration":0.15300000000002,"failureMessages":[],"meta":{},"tags":[]},{"ancestorTitles":["Execution Pipeline - Priority 5","Statistics"],"fullName":"Execution Pipeline - Priority 5 Statistics should track calls","status":"passed","title":"should track calls","duration":0.24109999999996035,"failureMessages":[],"meta":{},"tags":[]},{"ancestorTitles":["Execution Pipeline - Priority 5","Statistics"],"fullName":"Execution Pipeline - Priority 5 Statistics should track returns","status":"passed","title":"should track returns","duration":0.3105999999999085,"failureMessages":[],"meta":{},"tags":[]},{"ancestorTitles":["Execution Pipeline - Priority 5","Statistics"],"fullName":"Execution Pipeline - Priority 5 Statistics should track errors","status":"passed","title":"should track errors","duration":0.24610000000006949,"failureMessages":[],"meta":{},"tags":[]},{"ancestorTitles":["Execution Pipeline - Priority 5","Statistics"],"fullName":"Execution Pipeline - Priority 5 Statistics should return statistics copy","status":"passed","title":"should return statistics copy","duration":1.9519000000000233,"failureMessages":[],"meta":{},"tags":[]},{"ancestorTitles":["Execution Pipeline - Priority 5","Cache Management"],"fullName":"Execution Pipeline - Priority 5 Cache Management should enable instruction cache","status":"passed","title":"should enable instruction cache","duration":0.32760000000007494,"failureMessages":[],"meta":{},"tags":[]},{"ancestorTitles":["Execution Pipeline - Priority 5","Cache Management"],"fullName":"Execution Pipeline - Priority 5 Cache Management should disable instruction cache","status":"passed","title":"should disable instruction cache","duration":0.2400000000000091,"failureMessages":[],"meta":{},"tags":[]},{"ancestorTitles":["Execution Pipeline - Priority 5","Cache Management"],"fullName":"Execution Pipeline - Priority 5 Cache Management should set cache size","status":"passed","title":"should set cache size","duration":0.24900000000002365,"failureMessages":[],"meta":{},"tags":[]},{"ancestorTitles":["Execution Pipeline - Priority 5","Cache Management"],"fullName":"Execution Pipeline - Priority 5 Cache Management should get cache statistics","status":"passed","title":"should get cache statistics","duration":0.24929999999994834,"failureMessages":[],"meta":{},"tags":[]},{"ancestorTitles":["Execution Pipeline - Priority 5","Bytecode Management"],"fullName":"Execution Pipeline - Priority 5 Bytecode Management should set bytecode","status":"passed","title":"should set bytecode","duration":0.7323000000000093,"failureMessages":[],"meta":{},"tags":[]},{"ancestorTitles":["Execution Pipeline - Priority 5","Bytecode Management"],"fullName":"Execution Pipeline - Priority 5 Bytecode Management should get bytecode","status":"passed","title":"should get bytecode","duration":0.2938000000000329,"failureMessages":[],"meta":{},"tags":[]},{"ancestorTitles":["Execution Pipeline - Priority 5","Bytecode Management"],"fullName":"Execution Pipeline - Priority 5 Bytecode Management should reset on bytecode change","status":"passed","title":"should reset on bytecode change","duration":0.2381000000000313,"failureMessages":[],"meta":{},"tags":[]},{"ancestorTitles":["Execution Pipeline - Priority 5","Context Management"],"fullName":"Execution Pipeline - Priority 5 Context Management should get context","status":"passed","title":"should get context","duration":0.17269999999996344,"failureMessages":[],"meta":{},"tags":[]},{"ancestorTitles":["Execution Pipeline - Priority 5","Context Management"],"fullName":"Execution Pipeline - Priority 5 Context Management should use context for execution","status":"passed","title":"should use context for execution","duration":0.169399999999996,"failureMessages":[],"meta":{},"tags":[]},{"ancestorTitles":["Execution Pipeline - Priority 5","Pipeline Units"],"fullName":"Execution Pipeline - Priority 5 Pipeline Units should get fetch unit","status":"passed","title":"should get fetch unit","duration":0.21669999999994616,"failureMessages":[],"meta":{},"tags":[]},{"ancestorTitles":["Execution Pipeline - Priority 5","Pipeline Units"],"fullName":"Execution Pipeline - Priority 5 Pipeline Units should get decode unit","status":"passed","title":"should get decode unit","duration":0.19669999999996435,"failureMessages":[],"meta":{},"tags":[]},{"ancestorTitles":["Execution Pipeline - Priority 5","Pipeline Units"],"fullName":"Execution Pipeline - Priority 5 Pipeline Units should get execute unit","status":"passed","title":"should get execute unit","duration":0.15379999999993288,"failureMessages":[],"meta":{},"tags":[]},{"ancestorTitles":["Execution Pipeline - Priority 5","Run Modes"],"fullName":"Execution Pipeline - Priority 5 Run Modes should run single cycle","status":"failed","title":"should run single cycle","duration":1.220700000000079,"failureMessages":["AssertionError: expected 'fetchResult is not defined' to contain 'Unknown opcode'\n    at C:/Trajectoire/tests/vm/advanced/execution-pipeline.test.ts:685:38\n    at file:///C:/Trajectoire/node_modules/.pnpm/@vitest+runner@4.1.8/node_modules/@vitest/runner/dist/chunk-artifact.js:302:11\n    at file:///C:/Trajectoire/node_modules/.pnpm/@vitest+runner@4.1.8/node_modules/@vitest/runner/dist/chunk-artifact.js:1903:26\n    at file:///C:/Trajectoire/node_modules/.pnpm/@vitest+runner@4.1.8/node_modules/@vitest/runner/dist/chunk-artifact.js:2326:20\n    at new Promise (<anonymous>)\n    at runWithCancel (file:///C:/Trajectoire/node_modules/.pnpm/@vitest+runner@4.1.8/node_modules/@vitest/runner/dist/chunk-artifact.js:2323:10)\n    at file:///C:/Trajectoire/node_modules/.pnpm/@vitest+runner@4.1.8/node_modules/@vitest/runner/dist/chunk-artifact.js:2305:20\n    at new Promise (<anonymous>)\n    at runWithTimeout (file:///C:/Trajectoire/node_modules/.pnpm/@vitest+runner@4.1.8/node_modules/@vitest/runner/dist/chunk-artifact.js:2272:10)\n    at file:///C:/Trajectoire/node_modules/.pnpm/@vitest+runner@4.1.8/node_modules/@vitest/runner/dist/chunk-artifact.js:2955:64"],"meta":{},"tags":[]},{"ancestorTitles":["Execution Pipeline - Priority 5","Run Modes"],"fullName":"Execution Pipeline - Priority 5 Run Modes should run for N cycles","status":"passed","title":"should run for N cycles","duration":0.3301999999999907,"failureMessages":[],"meta":{},"tags":[]},{"ancestorTitles":["Execution Pipeline - Priority 5","Run Modes"],"fullName":"Execution Pipeline - Priority 5 Run Modes should run until halt","status":"passed","title":"should run until halt","duration":0.25260000000002947,"failureMessages":[],"meta":{},"tags":[]},{"ancestorTitles":["Execution Pipeline - Priority 5","Run Modes"],"fullName":"Execution Pipeline - Priority 5 Run Modes should stop pipeline","status":"passed","title":"should stop pipeline","duration":0.17190000000005057,"failureMessages":[],"meta":{},"tags":[]},{"ancestorTitles":["Execution Pipeline - Priority 5","Run Modes"],"fullName":"Execution Pipeline - Priority 5 Run Modes should step through execution","status":"failed","title":"should step through execution","duration":1.2368999999999915,"failureMessages":["AssertionError: expected 'fetchResult is not defined' to contain 'Unknown opcode'\n    at C:/Trajectoire/tests/vm/advanced/execution-pipeline.test.ts:717:38\n    at file:///C:/Trajectoire/node_modules/.pnpm/@vitest+runner@4.1.8/node_modules/@vitest/runner/dist/chunk-artifact.js:302:11\n    at file:///C:/Trajectoire/node_modules/.pnpm/@vitest+runner@4.1.8/node_modules/@vitest/runner/dist/chunk-artifact.js:1903:26\n    at file:///C:/Trajectoire/node_modules/.pnpm/@vitest+runner@4.1.8/node_modules/@vitest/runner/dist/chunk-artifact.js:2326:20\n    at new Promise (<anonymous>)\n    at runWithCancel (file:///C:/Trajectoire/node_modules/.pnpm/@vitest+runner@4.1.8/node_modules/@vitest/runner/dist/chunk-artifact.js:2323:10)\n    at file:///C:/Trajectoire/node_modules/.pnpm/@vitest+runner@4.1.8/node_modules/@vitest/runner/dist/chunk-artifact.js:2305:20\n    at new Promise (<anonymous>)\n    at runWithTimeout (file:///C:/Trajectoire/node_modules/.pnpm/@vitest+runner@4.1.8/node_modules/@vitest/runner/dist/chunk-artifact.js:2272:10)\n    at file:///C:/Trajectoire/node_modules/.pnpm/@vitest+runner@4.1.8/node_modules/@vitest/runner/dist/chunk-artifact.js:2955:64"],"meta":{},"tags":[]},{"ancestorTitles":["Execution Pipeline - Priority 5","Validation"],"fullName":"Execution Pipeline - Priority 5 Validation should validate valid state","status":"passed","title":"should validate valid state","duration":0.8700999999999794,"failureMessages":[],"meta":{},"tags":[]},{"ancestorTitles":["Execution Pipeline - Priority 5","Validation"],"fullName":"Execution Pipeline - Priority 5 Validation should detect negative program counter","status":"passed","title":"should detect negative program counter","duration":0.2737000000000762,"failureMessages":[],"meta":{},"tags":[]},{"ancestorTitles":["Execution Pipeline - Priority 5","Validation"],"fullName":"Execution Pipeline - Priority 5 Validation should detect program counter exceeding bytecode","status":"passed","title":"should detect program counter exceeding bytecode","duration":0.22949999999991633,"failureMessages":[],"meta":{},"tags":[]},{"ancestorTitles":["Execution Pipeline - Priority 5","Validation"],"fullName":"Execution Pipeline - Priority 5 Validation should include context validation errors","status":"passed","title":"should include context validation errors","duration":0.24760000000003402,"failureMessages":[],"meta":{},"tags":[]},{"ancestorTitles":["Execution Pipeline - Priority 5","Stress Tests"],"fullName":"Execution Pipeline - Priority 5 Stress Tests should handle many cycles","status":"passed","title":"should handle many cycles","duration":0.46510000000000673,"failureMessages":[],"meta":{},"tags":[]},{"ancestorTitles":["Execution Pipeline - Priority 5","Stress Tests"],"fullName":"Execution Pipeline - Priority 5 Stress Tests should handle rapid start-stop","status":"passed","title":"should handle rapid start-stop","duration":1.0178999999999405,"failureMessages":[],"meta":{},"tags":[]},{"ancestorTitles":["Execution Pipeline - Priority 5","Stress Tests"],"fullName":"Execution Pipeline - Priority 5 Stress Tests should handle rapid bytecode changes","status":"passed","title":"should handle rapid bytecode changes","duration":0.7309999999999945,"failureMessages":[],"meta":{},"tags":[]},{"ancestorTitles":["Execution Pipeline - Priority 5","Stress Tests"],"fullName":"Execution Pipeline - Priority 5 Stress Tests should maintain performance over many cycles","status":"passed","title":"should maintain performance over many cycles","duration":0.5470000000000255,"failureMessages":[],"meta":{},"tags":[]},{"ancestorTitles":["Execution Pipeline - Priority 5","Branch Statistics Coverage"],"fullName":"Execution Pipeline - Priority 5 Branch Statistics Coverage should track branch taken when result.branchTaken is true","status":"failed","title":"should track branch taken when result.branchTaken is true","duration":2.051900000000046,"failureMessages":["ReferenceError: fetchResult is not defined\n    at ExecutionPipeline.cycle (C:/Trajectoire/compiler/cvm/execution-pipeline.ts:65:42)\n    at C:/Trajectoire/tests/vm/advanced/execution-pipeline.test.ts:836:20\n    at file:///C:/Trajectoire/node_modules/.pnpm/@vitest+runner@4.1.8/node_modules/@vitest/runner/dist/chunk-artifact.js:302:11\n    at file:///C:/Trajectoire/node_modules/.pnpm/@vitest+runner@4.1.8/node_modules/@vitest/runner/dist/chunk-artifact.js:1903:26\n    at file:///C:/Trajectoire/node_modules/.pnpm/@vitest+runner@4.1.8/node_modules/@vitest/runner/dist/chunk-artifact.js:2326:20\n    at new Promise (<anonymous>)\n    at runWithCancel (file:///C:/Trajectoire/node_modules/.pnpm/@vitest+runner@4.1.8/node_modules/@vitest/runner/dist/chunk-artifact.js:2323:10)\n    at file:///C:/Trajectoire/node_modules/.pnpm/@vitest+runner@4.1.8/node_modules/@vitest/runner/dist/chunk-artifact.js:2305:20\n    at new Promise (<anonymous>)\n    at runWithTimeout (file:///C:/Trajectoire/node_modules/.pnpm/@vitest+runner@4.1.8/node_modules/@vitest/runner/dist/chunk-artifact.js:2272:10)"],"meta":{},"tags":[]},{"ancestorTitles":["Execution Pipeline - Priority 5","Branch Statistics Coverage"],"fullName":"Execution Pipeline - Priority 5 Branch Statistics Coverage should track branch not taken when result.branchTaken is false","status":"failed","title":"should track branch not taken when result.branchTaken is false","duration":1.1563999999999623,"failureMessages":["ReferenceError: fetchResult is not defined\n    at ExecutionPipeline.cycle (C:/Trajectoire/compiler/cvm/execution-pipeline.ts:65:42)\n    at C:/Trajectoire/tests/vm/advanced/execution-pipeline.test.ts:876:20\n    at file:///C:/Trajectoire/node_modules/.pnpm/@vitest+runner@4.1.8/node_modules/@vitest/runner/dist/chunk-artifact.js:302:11\n    at file:///C:/Trajectoire/node_modules/.pnpm/@vitest+runner@4.1.8/node_modules/@vitest/runner/dist/chunk-artifact.js:1903:26\n    at file:///C:/Trajectoire/node_modules/.pnpm/@vitest+runner@4.1.8/node_modules/@vitest/runner/dist/chunk-artifact.js:2326:20\n    at new Promise (<anonymous>)\n    at runWithCancel (file:///C:/Trajectoire/node_modules/.pnpm/@vitest+runner@4.1.8/node_modules/@vitest/runner/dist/chunk-artifact.js:2323:10)\n    at file:///C:/Trajectoire/node_modules/.pnpm/@vitest+runner@4.1.8/node_modules/@vitest/runner/dist/chunk-artifact.js:2305:20\n    at new Promise (<anonymous>)\n    at runWithTimeout (file:///C:/Trajectoire/node_modules/.pnpm/@vitest+runner@4.1.8/node_modules/@vitest/runner/dist/chunk-artifact.js:2272:10)"],"meta":{},"tags":[]},{"ancestorTitles":["Execution Pipeline - Priority 5","Branch Statistics Coverage"],"fullName":"Execution Pipeline - Priority 5 Branch Statistics Coverage should track call instructions","status":"failed","title":"should track call instructions","duration":0.9759000000000242,"failureMessages":["ReferenceError: fetchResult is not defined\n    at ExecutionPipeline.cycle (C:/Trajectoire/compiler/cvm/execution-pipeline.ts:65:42)\n    at C:/Trajectoire/tests/vm/advanced/execution-pipeline.test.ts:916:20\n    at file:///C:/Trajectoire/node_modules/.pnpm/@vitest+runner@4.1.8/node_modules/@vitest/runner/dist/chunk-artifact.js:302:11\n    at file:///C:/Trajectoire/node_modules/.pnpm/@vitest+runner@4.1.8/node_modules/@vitest/runner/dist/chunk-artifact.js:1903:26\n    at file:///C:/Trajectoire/node_modules/.pnpm/@vitest+runner@4.1.8/node_modules/@vitest/runner/dist/chunk-artifact.js:2326:20\n    at new Promise (<anonymous>)\n    at runWithCancel (file:///C:/Trajectoire/node_modules/.pnpm/@vitest+runner@4.1.8/node_modules/@vitest/runner/dist/chunk-artifact.js:2323:10)\n    at file:///C:/Trajectoire/node_modules/.pnpm/@vitest+runner@4.1.8/node_modules/@vitest/runner/dist/chunk-artifact.js:2305:20\n    at new Promise (<anonymous>)\n    at runWithTimeout (file:///C:/Trajectoire/node_modules/.pnpm/@vitest+runner@4.1.8/node_modules/@vitest/runner/dist/chunk-artifact.js:2272:10)"],"meta":{},"tags":[]},{"ancestorTitles":["Execution Pipeline - Priority 5","Branch Statistics Coverage"],"fullName":"Execution Pipeline - Priority 5 Branch Statistics Coverage should track return instructions","status":"failed","title":"should track return instructions","duration":0.8437000000000126,"failureMessages":["ReferenceError: fetchResult is not defined\n    at ExecutionPipeline.cycle (C:/Trajectoire/compiler/cvm/execution-pipeline.ts:65:42)\n    at C:/Trajectoire/tests/vm/advanced/execution-pipeline.test.ts:957:20\n    at file:///C:/Trajectoire/node_modules/.pnpm/@vitest+runner@4.1.8/node_modules/@vitest/runner/dist/chunk-artifact.js:302:11\n    at file:///C:/Trajectoire/node_modules/.pnpm/@vitest+runner@4.1.8/node_modules/@vitest/runner/dist/chunk-artifact.js:1903:26\n    at file:///C:/Trajectoire/node_modules/.pnpm/@vitest+runner@4.1.8/node_modules/@vitest/runner/dist/chunk-artifact.js:2326:20\n    at new Promise (<anonymous>)\n    at runWithCancel (file:///C:/Trajectoire/node_modules/.pnpm/@vitest+runner@4.1.8/node_modules/@vitest/runner/dist/chunk-artifact.js:2323:10)\n    at file:///C:/Trajectoire/node_modules/.pnpm/@vitest+runner@4.1.8/node_modules/@vitest/runner/dist/chunk-artifact.js:2305:20\n    at new Promise (<anonymous>)\n    at runWithTimeout (file:///C:/Trajectoire/node_modules/.pnpm/@vitest+runner@4.1.8/node_modules/@vitest/runner/dist/chunk-artifact.js:2272:10)"],"meta":{},"tags":[]},{"ancestorTitles":["Execution Pipeline - Priority 5","Branch Statistics Coverage"],"fullName":"Execution Pipeline - Priority 5 Branch Statistics Coverage should handle execution error with no error message","status":"failed","title":"should handle execution error with no error message","duration":0.8713999999999942,"failureMessages":["ReferenceError: fetchResult is not defined\n    at ExecutionPipeline.cycle (C:/Trajectoire/compiler/cvm/execution-pipeline.ts:65:42)\n    at C:/Trajectoire/tests/vm/advanced/execution-pipeline.test.ts:998:20\n    at file:///C:/Trajectoire/node_modules/.pnpm/@vitest+runner@4.1.8/node_modules/@vitest/runner/dist/chunk-artifact.js:302:11\n    at file:///C:/Trajectoire/node_modules/.pnpm/@vitest+runner@4.1.8/node_modules/@vitest/runner/dist/chunk-artifact.js:1903:26\n    at file:///C:/Trajectoire/node_modules/.pnpm/@vitest+runner@4.1.8/node_modules/@vitest/runner/dist/chunk-artifact.js:2326:20\n    at new Promise (<anonymous>)\n    at runWithCancel (file:///C:/Trajectoire/node_modules/.pnpm/@vitest+runner@4.1.8/node_modules/@vitest/runner/dist/chunk-artifact.js:2323:10)\n    at file:///C:/Trajectoire/node_modules/.pnpm/@vitest+runner@4.1.8/node_modules/@vitest/runner/dist/chunk-artifact.js:2305:20\n    at new Promise (<anonymous>)\n    at runWithTimeout (file:///C:/Trajectoire/node_modules/.pnpm/@vitest+runner@4.1.8/node_modules/@vitest/runner/dist/chunk-artifact.js:2272:10)"],"meta":{},"tags":[]},{"ancestorTitles":["Execution Pipeline - Priority 5","Loop Execution Coverage"],"fullName":"Execution Pipeline - Priority 5 Loop Execution Coverage should execute loop iterations in run() when not halted","status":"failed","title":"should execute loop iterations in run() when not halted","duration":0.8471000000000686,"failureMessages":["ReferenceError: fetchResult is not defined\n    at ExecutionPipeline.cycle (C:/Trajectoire/compiler/cvm/execution-pipeline.ts:65:42)\n    at ExecutionPipeline.run (C:/Trajectoire/compiler/cvm/execution-pipeline.ts:106:12)\n    at C:/Trajectoire/tests/vm/advanced/execution-pipeline.test.ts:1046:34\n    at file:///C:/Trajectoire/node_modules/.pnpm/@vitest+runner@4.1.8/node_modules/@vitest/runner/dist/chunk-artifact.js:302:11\n    at file:///C:/Trajectoire/node_modules/.pnpm/@vitest+runner@4.1.8/node_modules/@vitest/runner/dist/chunk-artifact.js:1903:26\n    at file:///C:/Trajectoire/node_modules/.pnpm/@vitest+runner@4.1.8/node_modules/@vitest/runner/dist/chunk-artifact.js:2326:20\n    at new Promise (<anonymous>)\n    at runWithCancel (file:///C:/Trajectoire/node_modules/.pnpm/@vitest+runner@4.1.8/node_modules/@vitest/runner/dist/chunk-artifact.js:2323:10)\n    at file:///C:/Trajectoire/node_modules/.pnpm/@vitest+runner@4.1.8/node_modules/@vitest/runner/dist/chunk-artifact.js:2305:20\n    at new Promise (<anonymous>)"],"meta":{},"tags":[]},{"ancestorTitles":["Execution Pipeline - Priority 5","Loop Execution Coverage"],"fullName":"Execution Pipeline - Priority 5 Loop Execution Coverage should execute loop iterations in runCycles() when not halted","status":"failed","title":"should execute loop iterations in runCycles() when not halted","duration":0.7283999999999651,"failureMessages":["ReferenceError: fetchResult is not defined\n    at ExecutionPipeline.cycle (C:/Trajectoire/compiler/cvm/execution-pipeline.ts:65:42)\n    at ExecutionPipeline.runCycles (C:/Trajectoire/compiler/cvm/execution-pipeline.ts:117:12)\n    at C:/Trajectoire/tests/vm/advanced/execution-pipeline.test.ts:1090:34\n    at file:///C:/Trajectoire/node_modules/.pnpm/@vitest+runner@4.1.8/node_modules/@vitest/runner/dist/chunk-artifact.js:302:11\n    at file:///C:/Trajectoire/node_modules/.pnpm/@vitest+runner@4.1.8/node_modules/@vitest/runner/dist/chunk-artifact.js:1903:26\n    at file:///C:/Trajectoire/node_modules/.pnpm/@vitest+runner@4.1.8/node_modules/@vitest/runner/dist/chunk-artifact.js:2326:20\n    at new Promise (<anonymous>)\n    at runWithCancel (file:///C:/Trajectoire/node_modules/.pnpm/@vitest+runner@4.1.8/node_modules/@vitest/runner/dist/chunk-artifact.js:2323:10)\n    at file:///C:/Trajectoire/node_modules/.pnpm/@vitest+runner@4.1.8/node_modules/@vitest/runner/dist/chunk-artifact.js:2305:20\n    at new Promise (<anonymous>)"],"meta":{},"tags":[]},{"ancestorTitles":["Execution Pipeline - Priority 5","Loop Execution Coverage"],"fullName":"Execution Pipeline - Priority 5 Loop Execution Coverage should track branch taken when result.branchTaken is true","status":"failed","title":"should track branch taken when result.branchTaken is true","duration":0.8826999999999998,"failureMessages":["ReferenceError: fetchResult is not defined\n    at ExecutionPipeline.cycle (C:/Trajectoire/compiler/cvm/execution-pipeline.ts:65:42)\n    at C:/Trajectoire/tests/vm/advanced/execution-pipeline.test.ts:1129:20\n    at file:///C:/Trajectoire/node_modules/.pnpm/@vitest+runner@4.1.8/node_modules/@vitest/runner/dist/chunk-artifact.js:302:11\n    at file:///C:/Trajectoire/node_modules/.pnpm/@vitest+runner@4.1.8/node_modules/@vitest/runner/dist/chunk-artifact.js:1903:26\n    at file:///C:/Trajectoire/node_modules/.pnpm/@vitest+runner@4.1.8/node_modules/@vitest/runner/dist/chunk-artifact.js:2326:20\n    at new Promise (<anonymous>)\n    at runWithCancel (file:///C:/Trajectoire/node_modules/.pnpm/@vitest+runner@4.1.8/node_modules/@vitest/runner/dist/chunk-artifact.js:2323:10)\n    at file:///C:/Trajectoire/node_modules/.pnpm/@vitest+runner@4.1.8/node_modules/@vitest/runner/dist/chunk-artifact.js:2305:20\n    at new Promise (<anonymous>)\n    at runWithTimeout (file:///C:/Trajectoire/node_modules/.pnpm/@vitest+runner@4.1.8/node_modules/@vitest/runner/dist/chunk-artifact.js:2272:10)"],"meta":{},"tags":[]},{"ancestorTitles":["Execution Pipeline - Priority 5","Loop Execution Coverage"],"fullName":"Execution Pipeline - Priority 5 Loop Execution Coverage should track branch not taken when result.branchTaken is false","status":"failed","title":"should track branch not taken when result.branchTaken is false","duration":0.7894000000000005,"failureMessages":["ReferenceError: fetchResult is not defined\n    at ExecutionPipeline.cycle (C:/Trajectoire/compiler/cvm/execution-pipeline.ts:65:42)\n    at C:/Trajectoire/tests/vm/advanced/execution-pipeline.test.ts:1168:20\n    at file:///C:/Trajectoire/node_modules/.pnpm/@vitest+runner@4.1.8/node_modules/@vitest/runner/dist/chunk-artifact.js:302:11\n    at file:///C:/Trajectoire/node_modules/.pnpm/@vitest+runner@4.1.8/node_modules/@vitest/runner/dist/chunk-artifact.js:1903:26\n    at file:///C:/Trajectoire/node_modules/.pnpm/@vitest+runner@4.1.8/node_modules/@vitest/runner/dist/chunk-artifact.js:2326:20\n    at new Promise (<anonymous>)\n    at runWithCancel (file:///C:/Trajectoire/node_modules/.pnpm/@vitest+runner@4.1.8/node_modules/@vitest/runner/dist/chunk-artifact.js:2323:10)\n    at file:///C:/Trajectoire/node_modules/.pnpm/@vitest+runner@4.1.8/node_modules/@vitest/runner/dist/chunk-artifact.js:2305:20\n    at new Promise (<anonymous>)\n    at runWithTimeout (file:///C:/Trajectoire/node_modules/.pnpm/@vitest+runner@4.1.8/node_modules/@vitest/runner/dist/chunk-artifact.js:2272:10)"],"meta":{},"tags":[]},{"ancestorTitles":["Execution Pipeline - Priority 5","Loop Execution Coverage"],"fullName":"Execution Pipeline - Priority 5 Loop Execution Coverage should track call instructions","status":"failed","title":"should track call instructions","duration":0.8115000000000236,"failureMessages":["ReferenceError: fetchResult is not defined\n    at ExecutionPipeline.cycle (C:/Trajectoire/compiler/cvm/execution-pipeline.ts:65:42)\n    at C:/Trajectoire/tests/vm/advanced/execution-pipeline.test.ts:1207:20\n    at file:///C:/Trajectoire/node_modules/.pnpm/@vitest+runner@4.1.8/node_modules/@vitest/runner/dist/chunk-artifact.js:302:11\n    at file:///C:/Trajectoire/node_modules/.pnpm/@vitest+runner@4.1.8/node_modules/@vitest/runner/dist/chunk-artifact.js:1903:26\n    at file:///C:/Trajectoire/node_modules/.pnpm/@vitest+runner@4.1.8/node_modules/@vitest/runner/dist/chunk-artifact.js:2326:20\n    at new Promise (<anonymous>)\n    at runWithCancel (file:///C:/Trajectoire/node_modules/.pnpm/@vitest+runner@4.1.8/node_modules/@vitest/runner/dist/chunk-artifact.js:2323:10)\n    at file:///C:/Trajectoire/node_modules/.pnpm/@vitest+runner@4.1.8/node_modules/@vitest/runner/dist/chunk-artifact.js:2305:20\n    at new Promise (<anonymous>)\n    at runWithTimeout (file:///C:/Trajectoire/node_modules/.pnpm/@vitest+runner@4.1.8/node_modules/@vitest/runner/dist/chunk-artifact.js:2272:10)"],"meta":{},"tags":[]},{"ancestorTitles":["Execution Pipeline - Priority 5","Loop Execution Coverage"],"fullName":"Execution Pipeline - Priority 5 Loop Execution Coverage should track return instructions","status":"failed","title":"should track return instructions","duration":0.613999999999919,"failureMessages":["ReferenceError: fetchResult is not defined\n    at ExecutionPipeline.cycle (C:/Trajectoire/compiler/cvm/execution-pipeline.ts:65:42)\n    at C:/Trajectoire/tests/vm/advanced/execution-pipeline.test.ts:1246:20\n    at file:///C:/Trajectoire/node_modules/.pnpm/@vitest+runner@4.1.8/node_modules/@vitest/runner/dist/chunk-artifact.js:302:11\n    at file:///C:/Trajectoire/node_modules/.pnpm/@vitest+runner@4.1.8/node_modules/@vitest/runner/dist/chunk-artifact.js:1903:26\n    at file:///C:/Trajectoire/node_modules/.pnpm/@vitest+runner@4.1.8/node_modules/@vitest/runner/dist/chunk-artifact.js:2326:20\n    at new Promise (<anonymous>)\n    at runWithCancel (file:///C:/Trajectoire/node_modules/.pnpm/@vitest+runner@4.1.8/node_modules/@vitest/runner/dist/chunk-artifact.js:2323:10)\n    at file:///C:/Trajectoire/node_modules/.pnpm/@vitest+runner@4.1.8/node_modules/@vitest/runner/dist/chunk-artifact.js:2305:20\n    at new Promise (<anonymous>)\n    at runWithTimeout (file:///C:/Trajectoire/node_modules/.pnpm/@vitest+runner@4.1.8/node_modules/@vitest/runner/dist/chunk-artifact.js:2272:10)"],"meta":{},"tags":[]},{"ancestorTitles":["Execution Pipeline - Priority 5","Loop Execution Coverage"],"fullName":"Execution Pipeline - Priority 5 Loop Execution Coverage should handle execution error with no error message","status":"failed","title":"should handle execution error with no error message","duration":0.63799999999992,"failureMessages":["ReferenceError: fetchResult is not defined\n    at ExecutionPipeline.cycle (C:/Trajectoire/compiler/cvm/execution-pipeline.ts:65:42)\n    at C:/Trajectoire/tests/vm/advanced/execution-pipeline.test.ts:1286:20\n    at file:///C:/Trajectoire/node_modules/.pnpm/@vitest+runner@4.1.8/node_modules/@vitest/runner/dist/chunk-artifact.js:302:11\n    at file:///C:/Trajectoire/node_modules/.pnpm/@vitest+runner@4.1.8/node_modules/@vitest/runner/dist/chunk-artifact.js:1903:26\n    at file:///C:/Trajectoire/node_modules/.pnpm/@vitest+runner@4.1.8/node_modules/@vitest/runner/dist/chunk-artifact.js:2326:20\n    at new Promise (<anonymous>)\n    at runWithCancel (file:///C:/Trajectoire/node_modules/.pnpm/@vitest+runner@4.1.8/node_modules/@vitest/runner/dist/chunk-artifact.js:2323:10)\n    at file:///C:/Trajectoire/node_modules/.pnpm/@vitest+runner@4.1.8/node_modules/@vitest/runner/dist/chunk-artifact.js:2305:20\n    at new Promise (<anonymous>)\n    at runWithTimeout (file:///C:/Trajectoire/node_modules/.pnpm/@vitest+runner@4.1.8/node_modules/@vitest/runner/dist/chunk-artifact.js:2272:10)"],"meta":{},"tags":[]}],"startTime":1785277854265,"endTime":1785277854329.638,"status":"failed","message":"","name":"C:/Trajectoire/tests/vm/advanced/execution-pipeline.test.ts"}]}