{"numTotalTestSuites":23,"numPassedTestSuites":23,"numFailedTestSuites":0,"numPendingTestSuites":0,"numTotalTests":78,"numPassedTests":78,"numFailedTests":0,"numPendingTests":0,"numTodoTests":0,"snapshot":{"added":0,"failure":false,"filesAdded":0,"filesRemoved":0,"filesRemovedList":[],"filesUnmatched":0,"filesUpdated":0,"matched":0,"total":0,"unchecked":0,"uncheckedKeysByFile":[],"unmatched":0,"updated":0,"didUpdate":false},"startTime":1785277297011,"success":true,"testResults":[{"assertionResults":[{"ancestorTitles":["Execution Pipeline - Priority 5","Fetch"],"fullName":"Execution Pipeline - Priority 5 Fetch should fetch instruction at program counter","status":"passed","title":"should fetch instruction at program counter","duration":2.7450999999999794,"failureMessages":[],"meta":{},"tags":[]},{"ancestorTitles":["Execution Pipeline - Priority 5","Fetch"],"fullName":"Execution Pipeline - Priority 5 Fetch should increment program counter after fetch","status":"passed","title":"should increment program counter after fetch","duration":0.27659999999997353,"failureMessages":[],"meta":{},"tags":[]},{"ancestorTitles":["Execution Pipeline - Priority 5","Fetch"],"fullName":"Execution Pipeline - Priority 5 Fetch should handle fetch from different positions","status":"passed","title":"should handle fetch from different positions","duration":0.5407999999999902,"failureMessages":[],"meta":{},"tags":[]},{"ancestorTitles":["Execution Pipeline - Priority 5","Fetch"],"fullName":"Execution Pipeline - Priority 5 Fetch should fetch multiple instructions sequentially","status":"passed","title":"should fetch multiple instructions sequentially","duration":0.20220000000000482,"failureMessages":[],"meta":{},"tags":[]},{"ancestorTitles":["Execution Pipeline - Priority 5","Decode"],"fullName":"Execution Pipeline - Priority 5 Decode should decode fetched instruction","status":"passed","title":"should decode fetched instruction","duration":0.27249999999997954,"failureMessages":[],"meta":{},"tags":[]},{"ancestorTitles":["Execution Pipeline - Priority 5","Decode"],"fullName":"Execution Pipeline - Priority 5 Decode should handle decode errors gracefully","status":"passed","title":"should handle decode errors gracefully","duration":0.23200000000002774,"failureMessages":[],"meta":{},"tags":[]},{"ancestorTitles":["Execution Pipeline - Priority 5","Decode"],"fullName":"Execution Pipeline - Priority 5 Decode should decode instruction metadata","status":"passed","title":"should decode instruction metadata","duration":0.13740000000001373,"failureMessages":[],"meta":{},"tags":[]},{"ancestorTitles":["Execution Pipeline - Priority 5","Execute"],"fullName":"Execution Pipeline - Priority 5 Execute should execute decoded instruction","status":"passed","title":"should execute decoded instruction","duration":0.13540000000000418,"failureMessages":[],"meta":{},"tags":[]},{"ancestorTitles":["Execution Pipeline - Priority 5","Execute"],"fullName":"Execution Pipeline - Priority 5 Execute should update context on execution","status":"passed","title":"should update context on execution","duration":0.16860000000002628,"failureMessages":[],"meta":{},"tags":[]},{"ancestorTitles":["Execution Pipeline - Priority 5","Execute"],"fullName":"Execution Pipeline - Priority 5 Execute should handle execution errors","status":"passed","title":"should handle execution errors","duration":0.2588000000000079,"failureMessages":[],"meta":{},"tags":[]},{"ancestorTitles":["Execution Pipeline - Priority 5","Execute"],"fullName":"Execution Pipeline - Priority 5 Execute should track execution statistics","status":"passed","title":"should track execution statistics","duration":0.14569999999997663,"failureMessages":[],"meta":{},"tags":[]},{"ancestorTitles":["Execution Pipeline - Priority 5","Commit"],"fullName":"Execution Pipeline - Priority 5 Commit should commit execution results","status":"passed","title":"should commit execution results","duration":0.11020000000002028,"failureMessages":[],"meta":{},"tags":[]},{"ancestorTitles":["Execution Pipeline - Priority 5","Commit"],"fullName":"Execution Pipeline - Priority 5 Commit should update statistics after commit","status":"passed","title":"should update statistics after commit","duration":0.09329999999999927,"failureMessages":[],"meta":{},"tags":[]},{"ancestorTitles":["Execution Pipeline - Priority 5","Commit"],"fullName":"Execution Pipeline - Priority 5 Commit should handle branch commit","status":"passed","title":"should handle branch commit","duration":0.09090000000003329,"failureMessages":[],"meta":{},"tags":[]},{"ancestorTitles":["Execution Pipeline - Priority 5","Flush"],"fullName":"Execution Pipeline - Priority 5 Flush should clear fetch cache on reset","status":"passed","title":"should clear fetch cache on reset","duration":0.23919999999998254,"failureMessages":[],"meta":{},"tags":[]},{"ancestorTitles":["Execution Pipeline - Priority 5","Flush"],"fullName":"Execution Pipeline - Priority 5 Flush should reset statistics on flush","status":"passed","title":"should reset statistics on flush","duration":0.17140000000000555,"failureMessages":[],"meta":{},"tags":[]},{"ancestorTitles":["Execution Pipeline - Priority 5","Flush"],"fullName":"Execution Pipeline - Priority 5 Flush should reset context on flush","status":"passed","title":"should reset context on flush","duration":0.14460000000002537,"failureMessages":[],"meta":{},"tags":[]},{"ancestorTitles":["Execution Pipeline - Priority 5","Hazards"],"fullName":"Execution Pipeline - Priority 5 Hazards should handle data hazards","status":"passed","title":"should handle data hazards","duration":0.20410000000003947,"failureMessages":[],"meta":{},"tags":[]},{"ancestorTitles":["Execution Pipeline - Priority 5","Hazards"],"fullName":"Execution Pipeline - Priority 5 Hazards should handle control hazards","status":"passed","title":"should handle control hazards","duration":0.12719999999995935,"failureMessages":[],"meta":{},"tags":[]},{"ancestorTitles":["Execution Pipeline - Priority 5","Hazards"],"fullName":"Execution Pipeline - Priority 5 Hazards should handle structural hazards","status":"passed","title":"should handle structural hazards","duration":0.25020000000000664,"failureMessages":[],"meta":{},"tags":[]},{"ancestorTitles":["Execution Pipeline - Priority 5","Dependency"],"fullName":"Execution Pipeline - Priority 5 Dependency should handle instruction dependencies","status":"passed","title":"should handle instruction dependencies","duration":0.1442000000000121,"failureMessages":[],"meta":{},"tags":[]},{"ancestorTitles":["Execution Pipeline - Priority 5","Dependency"],"fullName":"Execution Pipeline - Priority 5 Dependency should maintain execution order","status":"passed","title":"should maintain execution order","duration":0.15119999999996026,"failureMessages":[],"meta":{},"tags":[]},{"ancestorTitles":["Execution Pipeline - Priority 5","Stall"],"fullName":"Execution Pipeline - Priority 5 Stall should handle pipeline stall on halt","status":"passed","title":"should handle pipeline stall on halt","duration":0.137800000000027,"failureMessages":[],"meta":{},"tags":[]},{"ancestorTitles":["Execution Pipeline - Priority 5","Stall"],"fullName":"Execution Pipeline - Priority 5 Stall should not execute when halted","status":"passed","title":"should not execute when halted","duration":0.18619999999998527,"failureMessages":[],"meta":{},"tags":[]},{"ancestorTitles":["Execution Pipeline - Priority 5","Stall"],"fullName":"Execution Pipeline - Priority 5 Stall should resume after reset","status":"passed","title":"should resume after reset","duration":0.16449999999997544,"failureMessages":[],"meta":{},"tags":[]},{"ancestorTitles":["Execution Pipeline - Priority 5","Branch Prediction"],"fullName":"Execution Pipeline - Priority 5 Branch Prediction should track branch taken statistics","status":"passed","title":"should track branch taken statistics","duration":0.12379999999996016,"failureMessages":[],"meta":{},"tags":[]},{"ancestorTitles":["Execution Pipeline - Priority 5","Branch Prediction"],"fullName":"Execution Pipeline - Priority 5 Branch Prediction should track branches not taken","status":"passed","title":"should track branches not taken","duration":0.11070000000000846,"failureMessages":[],"meta":{},"tags":[]},{"ancestorTitles":["Execution Pipeline - Priority 5","Branch Prediction"],"fullName":"Execution Pipeline - Priority 5 Branch Prediction should track total branches","status":"passed","title":"should track total branches","duration":0.10919999999998709,"failureMessages":[],"meta":{},"tags":[]},{"ancestorTitles":["Execution Pipeline - Priority 5","Reset"],"fullName":"Execution Pipeline - Priority 5 Reset should reset pipeline state","status":"passed","title":"should reset pipeline state","duration":0.21469999999999345,"failureMessages":[],"meta":{},"tags":[]},{"ancestorTitles":["Execution Pipeline - Priority 5","Reset"],"fullName":"Execution Pipeline - Priority 5 Reset should reset context","status":"passed","title":"should reset context","duration":0.14339999999998554,"failureMessages":[],"meta":{},"tags":[]},{"ancestorTitles":["Execution Pipeline - Priority 5","Reset"],"fullName":"Execution Pipeline - Priority 5 Reset should clear fetch cache","status":"passed","title":"should clear fetch cache","duration":0.18700000000001182,"failureMessages":[],"meta":{},"tags":[]},{"ancestorTitles":["Execution Pipeline - Priority 5","Reset"],"fullName":"Execution Pipeline - Priority 5 Reset should stop running on reset","status":"passed","title":"should stop running on reset","duration":0.12380000000001701,"failureMessages":[],"meta":{},"tags":[]},{"ancestorTitles":["Execution Pipeline - Priority 5","Recovery"],"fullName":"Execution Pipeline - Priority 5 Recovery should recover from errors","status":"passed","title":"should recover from errors","duration":0.2126999999999839,"failureMessages":[],"meta":{},"tags":[]},{"ancestorTitles":["Execution Pipeline - Priority 5","Recovery"],"fullName":"Execution Pipeline - Priority 5 Recovery should track error statistics","status":"passed","title":"should track error statistics","duration":0.1564999999999941,"failureMessages":[],"meta":{},"tags":[]},{"ancestorTitles":["Execution Pipeline - Priority 5","Recovery"],"fullName":"Execution Pipeline - Priority 5 Recovery should set error context on failure","status":"passed","title":"should set error context on failure","duration":0.12569999999999482,"failureMessages":[],"meta":{},"tags":[]},{"ancestorTitles":["Execution Pipeline - Priority 5","Statistics"],"fullName":"Execution Pipeline - Priority 5 Statistics should track instructions executed","status":"passed","title":"should track instructions executed","duration":0.1338000000000079,"failureMessages":[],"meta":{},"tags":[]},{"ancestorTitles":["Execution Pipeline - Priority 5","Statistics"],"fullName":"Execution Pipeline - Priority 5 Statistics should track cycles","status":"passed","title":"should track cycles","duration":0.12540000000001328,"failureMessages":[],"meta":{},"tags":[]},{"ancestorTitles":["Execution Pipeline - Priority 5","Statistics"],"fullName":"Execution Pipeline - Priority 5 Statistics should track calls","status":"passed","title":"should track calls","duration":0.10430000000002337,"failureMessages":[],"meta":{},"tags":[]},{"ancestorTitles":["Execution Pipeline - Priority 5","Statistics"],"fullName":"Execution Pipeline - Priority 5 Statistics should track returns","status":"passed","title":"should track returns","duration":0.14650000000000318,"failureMessages":[],"meta":{},"tags":[]},{"ancestorTitles":["Execution Pipeline - Priority 5","Statistics"],"fullName":"Execution Pipeline - Priority 5 Statistics should track errors","status":"passed","title":"should track errors","duration":0.14150000000000773,"failureMessages":[],"meta":{},"tags":[]},{"ancestorTitles":["Execution Pipeline - Priority 5","Statistics"],"fullName":"Execution Pipeline - Priority 5 Statistics should return statistics copy","status":"passed","title":"should return statistics copy","duration":0.9239999999999782,"failureMessages":[],"meta":{},"tags":[]},{"ancestorTitles":["Execution Pipeline - Priority 5","Cache Management"],"fullName":"Execution Pipeline - Priority 5 Cache Management should enable instruction cache","status":"passed","title":"should enable instruction cache","duration":0.14760000000001128,"failureMessages":[],"meta":{},"tags":[]},{"ancestorTitles":["Execution Pipeline - Priority 5","Cache Management"],"fullName":"Execution Pipeline - Priority 5 Cache Management should disable instruction cache","status":"passed","title":"should disable instruction cache","duration":1.1143000000000143,"failureMessages":[],"meta":{},"tags":[]},{"ancestorTitles":["Execution Pipeline - Priority 5","Cache Management"],"fullName":"Execution Pipeline - Priority 5 Cache Management should set cache size","status":"passed","title":"should set cache size","duration":0.212600000000009,"failureMessages":[],"meta":{},"tags":[]},{"ancestorTitles":["Execution Pipeline - Priority 5","Cache Management"],"fullName":"Execution Pipeline - Priority 5 Cache Management should get cache statistics","status":"passed","title":"should get cache statistics","duration":0.1302000000000021,"failureMessages":[],"meta":{},"tags":[]},{"ancestorTitles":["Execution Pipeline - Priority 5","Bytecode Management"],"fullName":"Execution Pipeline - Priority 5 Bytecode Management should set bytecode","status":"passed","title":"should set bytecode","duration":0.3867999999999938,"failureMessages":[],"meta":{},"tags":[]},{"ancestorTitles":["Execution Pipeline - Priority 5","Bytecode Management"],"fullName":"Execution Pipeline - Priority 5 Bytecode Management should get bytecode","status":"passed","title":"should get bytecode","duration":0.15369999999995798,"failureMessages":[],"meta":{},"tags":[]},{"ancestorTitles":["Execution Pipeline - Priority 5","Bytecode Management"],"fullName":"Execution Pipeline - Priority 5 Bytecode Management should reset on bytecode change","status":"passed","title":"should reset on bytecode change","duration":0.12770000000000437,"failureMessages":[],"meta":{},"tags":[]},{"ancestorTitles":["Execution Pipeline - Priority 5","Context Management"],"fullName":"Execution Pipeline - Priority 5 Context Management should get context","status":"passed","title":"should get context","duration":0.10030000000000427,"failureMessages":[],"meta":{},"tags":[]},{"ancestorTitles":["Execution Pipeline - Priority 5","Context Management"],"fullName":"Execution Pipeline - Priority 5 Context Management should use context for execution","status":"passed","title":"should use context for execution","duration":0.10840000000001737,"failureMessages":[],"meta":{},"tags":[]},{"ancestorTitles":["Execution Pipeline - Priority 5","Pipeline Units"],"fullName":"Execution Pipeline - Priority 5 Pipeline Units should get fetch unit","status":"passed","title":"should get fetch unit","duration":0.11810000000002674,"failureMessages":[],"meta":{},"tags":[]},{"ancestorTitles":["Execution Pipeline - Priority 5","Pipeline Units"],"fullName":"Execution Pipeline - Priority 5 Pipeline Units should get decode unit","status":"passed","title":"should get decode unit","duration":0.09000000000003183,"failureMessages":[],"meta":{},"tags":[]},{"ancestorTitles":["Execution Pipeline - Priority 5","Pipeline Units"],"fullName":"Execution Pipeline - Priority 5 Pipeline Units should get execute unit","status":"passed","title":"should get execute unit","duration":0.12880000000001246,"failureMessages":[],"meta":{},"tags":[]},{"ancestorTitles":["Execution Pipeline - Priority 5","Run Modes"],"fullName":"Execution Pipeline - Priority 5 Run Modes should run single cycle","status":"passed","title":"should run single cycle","duration":0.19690000000002783,"failureMessages":[],"meta":{},"tags":[]},{"ancestorTitles":["Execution Pipeline - Priority 5","Run Modes"],"fullName":"Execution Pipeline - Priority 5 Run Modes should run for N cycles","status":"passed","title":"should run for N cycles","duration":0.12199999999995725,"failureMessages":[],"meta":{},"tags":[]},{"ancestorTitles":["Execution Pipeline - Priority 5","Run Modes"],"fullName":"Execution Pipeline - Priority 5 Run Modes should run until halt","status":"passed","title":"should run until halt","duration":0.10269999999997026,"failureMessages":[],"meta":{},"tags":[]},{"ancestorTitles":["Execution Pipeline - Priority 5","Run Modes"],"fullName":"Execution Pipeline - Priority 5 Run Modes should stop pipeline","status":"passed","title":"should stop pipeline","duration":0.09050000000002001,"failureMessages":[],"meta":{},"tags":[]},{"ancestorTitles":["Execution Pipeline - Priority 5","Run Modes"],"fullName":"Execution Pipeline - Priority 5 Run Modes should step through execution","status":"passed","title":"should step through execution","duration":0.12220000000002074,"failureMessages":[],"meta":{},"tags":[]},{"ancestorTitles":["Execution Pipeline - Priority 5","Validation"],"fullName":"Execution Pipeline - Priority 5 Validation should validate valid state","status":"passed","title":"should validate valid state","duration":0.37060000000002447,"failureMessages":[],"meta":{},"tags":[]},{"ancestorTitles":["Execution Pipeline - Priority 5","Validation"],"fullName":"Execution Pipeline - Priority 5 Validation should detect negative program counter","status":"passed","title":"should detect negative program counter","duration":0.12029999999998608,"failureMessages":[],"meta":{},"tags":[]},{"ancestorTitles":["Execution Pipeline - Priority 5","Validation"],"fullName":"Execution Pipeline - Priority 5 Validation should detect program counter exceeding bytecode","status":"passed","title":"should detect program counter exceeding bytecode","duration":0.09420000000000073,"failureMessages":[],"meta":{},"tags":[]},{"ancestorTitles":["Execution Pipeline - Priority 5","Validation"],"fullName":"Execution Pipeline - Priority 5 Validation should include context validation errors","status":"passed","title":"should include context validation errors","duration":0.09390000000001919,"failureMessages":[],"meta":{},"tags":[]},{"ancestorTitles":["Execution Pipeline - Priority 5","Stress Tests"],"fullName":"Execution Pipeline - Priority 5 Stress Tests should handle many cycles","status":"passed","title":"should handle many cycles","duration":0.17489999999997963,"failureMessages":[],"meta":{},"tags":[]},{"ancestorTitles":["Execution Pipeline - Priority 5","Stress Tests"],"fullName":"Execution Pipeline - Priority 5 Stress Tests should handle rapid start-stop","status":"passed","title":"should handle rapid start-stop","duration":0.274599999999964,"failureMessages":[],"meta":{},"tags":[]},{"ancestorTitles":["Execution Pipeline - Priority 5","Stress Tests"],"fullName":"Execution Pipeline - Priority 5 Stress Tests should handle rapid bytecode changes","status":"passed","title":"should handle rapid bytecode changes","duration":0.5063999999999851,"failureMessages":[],"meta":{},"tags":[]},{"ancestorTitles":["Execution Pipeline - Priority 5","Stress Tests"],"fullName":"Execution Pipeline - Priority 5 Stress Tests should maintain performance over many cycles","status":"passed","title":"should maintain performance over many cycles","duration":0.15660000000002583,"failureMessages":[],"meta":{},"tags":[]},{"ancestorTitles":["Execution Pipeline - Priority 5","Branch Statistics Coverage"],"fullName":"Execution Pipeline - Priority 5 Branch Statistics Coverage should track branch taken when result.branchTaken is true","status":"passed","title":"should track branch taken when result.branchTaken is true","duration":0.7771999999999935,"failureMessages":[],"meta":{},"tags":[]},{"ancestorTitles":["Execution Pipeline - Priority 5","Branch Statistics Coverage"],"fullName":"Execution Pipeline - Priority 5 Branch Statistics Coverage should track branch not taken when result.branchTaken is false","status":"passed","title":"should track branch not taken when result.branchTaken is false","duration":0.2506000000000199,"failureMessages":[],"meta":{},"tags":[]},{"ancestorTitles":["Execution Pipeline - Priority 5","Branch Statistics Coverage"],"fullName":"Execution Pipeline - Priority 5 Branch Statistics Coverage should track call instructions","status":"passed","title":"should track call instructions","duration":0.2603000000000293,"failureMessages":[],"meta":{},"tags":[]},{"ancestorTitles":["Execution Pipeline - Priority 5","Branch Statistics Coverage"],"fullName":"Execution Pipeline - Priority 5 Branch Statistics Coverage should track return instructions","status":"passed","title":"should track return instructions","duration":0.2759999999999536,"failureMessages":[],"meta":{},"tags":[]},{"ancestorTitles":["Execution Pipeline - Priority 5","Branch Statistics Coverage"],"fullName":"Execution Pipeline - Priority 5 Branch Statistics Coverage should handle execution error with no error message","status":"passed","title":"should handle execution error with no error message","duration":0.26949999999999363,"failureMessages":[],"meta":{},"tags":[]},{"ancestorTitles":["Execution Pipeline - Priority 5","Loop Execution Coverage"],"fullName":"Execution Pipeline - Priority 5 Loop Execution Coverage should execute loop iterations in run() when not halted","status":"passed","title":"should execute loop iterations in run() when not halted","duration":0.27769999999998163,"failureMessages":[],"meta":{},"tags":[]},{"ancestorTitles":["Execution Pipeline - Priority 5","Loop Execution Coverage"],"fullName":"Execution Pipeline - Priority 5 Loop Execution Coverage should execute loop iterations in runCycles() when not halted","status":"passed","title":"should execute loop iterations in runCycles() when not halted","duration":0.2005999999999517,"failureMessages":[],"meta":{},"tags":[]},{"ancestorTitles":["Execution Pipeline - Priority 5","Loop Execution Coverage"],"fullName":"Execution Pipeline - Priority 5 Loop Execution Coverage should track branch taken when result.branchTaken is true","status":"passed","title":"should track branch taken when result.branchTaken is true","duration":0.1745999999999981,"failureMessages":[],"meta":{},"tags":[]},{"ancestorTitles":["Execution Pipeline - Priority 5","Loop Execution Coverage"],"fullName":"Execution Pipeline - Priority 5 Loop Execution Coverage should track branch not taken when result.branchTaken is false","status":"passed","title":"should track branch not taken when result.branchTaken is false","duration":0.1753999999999678,"failureMessages":[],"meta":{},"tags":[]},{"ancestorTitles":["Execution Pipeline - Priority 5","Loop Execution Coverage"],"fullName":"Execution Pipeline - Priority 5 Loop Execution Coverage should track call instructions","status":"passed","title":"should track call instructions","duration":0.21520000000003847,"failureMessages":[],"meta":{},"tags":[]},{"ancestorTitles":["Execution Pipeline - Priority 5","Loop Execution Coverage"],"fullName":"Execution Pipeline - Priority 5 Loop Execution Coverage should track return instructions","status":"passed","title":"should track return instructions","duration":0.1641999999999939,"failureMessages":[],"meta":{},"tags":[]},{"ancestorTitles":["Execution Pipeline - Priority 5","Loop Execution Coverage"],"fullName":"Execution Pipeline - Priority 5 Loop Execution Coverage should handle execution error with no error message","status":"passed","title":"should handle execution error with no error message","duration":0.3188000000000102,"failureMessages":[],"meta":{},"tags":[]}],"startTime":1785277298251,"endTime":1785277298271.3188,"status":"passed","message":"","name":"C:/Trajectoire/tests/vm/advanced/execution-pipeline.test.ts"}]}