{"numTotalTestSuites":2,"numPassedTestSuites":2,"numFailedTestSuites":0,"numPendingTestSuites":0,"numTotalTests":7,"numPassedTests":7,"numFailedTests":0,"numPendingTests":0,"numTodoTests":0,"snapshot":{"added":0,"failure":false,"filesAdded":0,"filesRemoved":0,"filesRemovedList":[],"filesUnmatched":0,"filesUpdated":0,"matched":0,"total":0,"unchecked":0,"uncheckedKeysByFile":[],"unmatched":0,"updated":0,"didUpdate":false},"startTime":1785440813420,"success":true,"testResults":[{"assertionResults":[{"ancestorTitles":["Phase A.6 - Runtime + EntityExtractionEngine Integration"],"fullName":"Phase A.6 - Runtime + EntityExtractionEngine Integration should execute EntityExtractionEngine via Runtime","status":"passed","title":"should execute EntityExtractionEngine via Runtime","duration":6.251599999999939,"failureMessages":[],"meta":{},"tags":[]},{"ancestorTitles":["Phase A.6 - Runtime + EntityExtractionEngine Integration"],"fullName":"Phase A.6 - Runtime + EntityExtractionEngine Integration should receive ENTITY_EXTRACTED event from Runtime","status":"passed","title":"should receive ENTITY_EXTRACTED event from Runtime","duration":0.8621000000000549,"failureMessages":[],"meta":{},"tags":[]},{"ancestorTitles":["Phase A.6 - Runtime + EntityExtractionEngine Integration"],"fullName":"Phase A.6 - Runtime + EntityExtractionEngine Integration should extract entities with canonical names through Runtime","status":"passed","title":"should extract entities with canonical names through Runtime","duration":0.6048000000000684,"failureMessages":[],"meta":{},"tags":[]},{"ancestorTitles":["Phase A.6 - Runtime + EntityExtractionEngine Integration"],"fullName":"Phase A.6 - Runtime + EntityExtractionEngine Integration should track execution metrics in ExecutionReport","status":"passed","title":"should track execution metrics in ExecutionReport","duration":0.40850000000000364,"failureMessages":[],"meta":{},"tags":[]},{"ancestorTitles":["Phase A.6 - Runtime + EntityExtractionEngine Integration"],"fullName":"Phase A.6 - Runtime + EntityExtractionEngine Integration should use EntityExtractionManifest for engine metadata","status":"passed","title":"should use EntityExtractionManifest for engine metadata","duration":1.0409000000000788,"failureMessages":[],"meta":{},"tags":[]},{"ancestorTitles":["Phase A.6 - Runtime + EntityExtractionEngine Integration"],"fullName":"Phase A.6 - Runtime + EntityExtractionEngine Integration should handle multiple executions through Runtime","status":"passed","title":"should handle multiple executions through Runtime","duration":0.5217000000000098,"failureMessages":[],"meta":{},"tags":[]},{"ancestorTitles":["Phase A.6 - Runtime + EntityExtractionEngine Integration"],"fullName":"Phase A.6 - Runtime + EntityExtractionEngine Integration should NOT infer skills or claims through Runtime","status":"passed","title":"should NOT infer skills or claims through Runtime","duration":0.40399999999999636,"failureMessages":[],"meta":{},"tags":[]}],"startTime":1785440814711,"endTime":1785440814721.5217,"status":"passed","message":"","name":"C:/Trajectoire/tests/phase-a6/runtime-entity-extraction-integration.test.ts"}]}