{"numTotalTestSuites":2,"numPassedTestSuites":2,"numFailedTestSuites":0,"numPendingTestSuites":0,"numTotalTests":6,"numPassedTests":6,"numFailedTests":0,"numPendingTests":0,"numTodoTests":0,"snapshot":{"added":0,"failure":false,"filesAdded":0,"filesRemoved":0,"filesRemovedList":[],"filesUnmatched":0,"filesUpdated":0,"matched":0,"total":0,"unchecked":0,"uncheckedKeysByFile":[],"unmatched":0,"updated":0,"didUpdate":false},"startTime":1785438392421,"success":true,"testResults":[{"assertionResults":[{"ancestorTitles":["Phase A.5 - Runtime + NormalizerEngine Integration"],"fullName":"Phase A.5 - Runtime + NormalizerEngine Integration should execute NormalizerEngine via Runtime","status":"passed","title":"should execute NormalizerEngine via Runtime","duration":5.481299999999976,"failureMessages":[],"meta":{},"tags":[]},{"ancestorTitles":["Phase A.5 - Runtime + NormalizerEngine Integration"],"fullName":"Phase A.5 - Runtime + NormalizerEngine Integration should receive TextNormalizedEvent from Runtime","status":"passed","title":"should receive TextNormalizedEvent from Runtime","duration":0.5677000000000021,"failureMessages":[],"meta":{},"tags":[]},{"ancestorTitles":["Phase A.5 - Runtime + NormalizerEngine Integration"],"fullName":"Phase A.5 - Runtime + NormalizerEngine Integration should normalize text through Runtime pipeline","status":"passed","title":"should normalize text through Runtime pipeline","duration":0.42650000000003274,"failureMessages":[],"meta":{},"tags":[]},{"ancestorTitles":["Phase A.5 - Runtime + NormalizerEngine Integration"],"fullName":"Phase A.5 - Runtime + NormalizerEngine Integration should track execution metrics in ExecutionReport","status":"passed","title":"should track execution metrics in ExecutionReport","duration":0.3436999999999557,"failureMessages":[],"meta":{},"tags":[]},{"ancestorTitles":["Phase A.5 - Runtime + NormalizerEngine Integration"],"fullName":"Phase A.5 - Runtime + NormalizerEngine Integration should use NormalizerManifest for engine metadata","status":"passed","title":"should use NormalizerManifest for engine metadata","duration":0.9057999999999993,"failureMessages":[],"meta":{},"tags":[]},{"ancestorTitles":["Phase A.5 - Runtime + NormalizerEngine Integration"],"fullName":"Phase A.5 - Runtime + NormalizerEngine Integration should handle multiple executions through Runtime","status":"passed","title":"should handle multiple executions through Runtime","duration":0.5144999999999982,"failureMessages":[],"meta":{},"tags":[]}],"startTime":1785438393548,"endTime":1785438393555.5144,"status":"passed","message":"","name":"C:/Trajectoire/tests/phase-a5/runtime-normalizer-integration.test.ts"}]}